<?xml version="1.0" encoding="UTF-8"?>
<testng-results skipped="0" failed="0" total="1" passed="1">
  <reporter-output>
  </reporter-output>
  <suite name="Default suite" duration-ms="39746" started-at="2018-04-24T02:16:34Z" finished-at="2018-04-24T02:17:14Z">
    <groups>
    </groups>
    <test name="Default test" duration-ms="39746" started-at="2018-04-24T02:16:34Z" finished-at="2018-04-24T02:17:14Z">
      <class name="SeleniumTest.SeleniumTestScript_1">
        <test-method status="PASS" signature="NavigateToXERO_TC01()[pri:0, instance:SeleniumTest.SeleniumTestScript_1@1a968a59]" name="NavigateToXERO_TC01" duration-ms="39480" started-at="2018-04-23T19:16:34Z" finished-at="2018-04-23T19:17:14Z">
          <reporter-output>
          </reporter-output>
        </test-method> <!-- NavigateToXERO_TC01 -->
      </class> <!-- SeleniumTest.SeleniumTestScript_1 -->
    </test> <!-- Default test -->
  </suite> <!-- Default suite -->
</testng-results>
